android/app/build/intermediates/manifest_merge_blame_file/debug/manifest-merger-blame-debug-report.txt
1<?xml version="1.0" encoding="utf-8"?>
2<manifest xmlns:android="http://schemas.android.com/apk/res/android"
3    package="com.iptv.yoni"
4    android:versionCode="1"
5    android:versionName="1.0" >
6
7    <uses-sdk
8        android:minSdkVersion="21"
9        android:targetSdkVersion="34" />
10
11    <uses-permission android:name="android.permission.INTERNET" />
11-->src/main/AndroidManifest.xml:4:5-67
11-->src/main/AndroidManifest.xml:4:22-64
12
13    <!-- Works on both phone and Android TV -->
14    <uses-feature
14-->src/main/AndroidManifest.xml:7:5-87
15        android:name="android.software.leanback"
15-->src/main/AndroidManifest.xml:7:19-59
16        android:required="false" />
16-->src/main/AndroidManifest.xml:7:60-84
17    <uses-feature
17-->src/main/AndroidManifest.xml:8:5-90
18        android:name="android.hardware.touchscreen"
18-->src/main/AndroidManifest.xml:8:19-62
19        android:required="false" />
19-->src/main/AndroidManifest.xml:8:63-87
20
21    <permission
21-->[androidx.core:core:1.12.0] AndroidManifest.xml:22:5-24:47
22        android:name="com.iptv.yoni.DYNAMIC_RECEIVER_NOT_EXPORTED_PERMISSION"
22-->[androidx.core:core:1.12.0] AndroidManifest.xml:23:9-81
23        android:protectionLevel="signature" />
23-->[androidx.core:core:1.12.0] AndroidManifest.xml:24:9-44
24
25    <uses-permission android:name="com.iptv.yoni.DYNAMIC_RECEIVER_NOT_EXPORTED_PERMISSION" />
25-->[androidx.core:core:1.12.0] AndroidManifest.xml:26:5-97
25-->[androidx.core:core:1.12.0] AndroidManifest.xml:26:22-94
26
27    <application
27-->src/main/AndroidManifest.xml:10:5-30:19
28        android:allowBackup="false"
28-->src/main/AndroidManifest.xml:11:9-36
29        android:appComponentFactory="androidx.core.app.CoreComponentFactory"
29-->[androidx.core:core:1.12.0] AndroidManifest.xml:28:18-86
30        android:debuggable="true"
31        android:extractNativeLibs="true"
32        android:label="@string/app_name"
32-->src/main/AndroidManifest.xml:12:9-41
33        android:theme="@style/Theme.IpTvYoni"
33-->src/main/AndroidManifest.xml:13:9-46
34        android:usesCleartextTraffic="true" >
34-->src/main/AndroidManifest.xml:14:9-44
35        <activity
35-->src/main/AndroidManifest.xml:16:9-28:20
36            android:name="com.iptv.yoni.MainActivity"
36-->src/main/AndroidManifest.xml:17:13-41
37            android:configChanges="orientation|screenSize|keyboardHidden|smallestScreenSize|screenLayout"
37-->src/main/AndroidManifest.xml:18:13-106
38            android:exported="true"
38-->src/main/AndroidManifest.xml:19:13-36
39            android:launchMode="singleTask"
39-->src/main/AndroidManifest.xml:20:13-44
40            android:screenOrientation="sensorLandscape" >
40-->src/main/AndroidManifest.xml:21:13-56
41            <intent-filter>
41-->src/main/AndroidManifest.xml:23:13-27:29
42                <action android:name="android.intent.action.MAIN" />
42-->src/main/AndroidManifest.xml:24:17-69
42-->src/main/AndroidManifest.xml:24:25-66
43
44                <category android:name="android.intent.category.LAUNCHER" />
44-->src/main/AndroidManifest.xml:25:17-77
44-->src/main/AndroidManifest.xml:25:27-74
45                <category android:name="android.intent.category.LEANBACK_LAUNCHER" />
45-->src/main/AndroidManifest.xml:26:17-86
45-->src/main/AndroidManifest.xml:26:27-83
46            </intent-filter>
47        </activity>
48
49        <provider
49-->[androidx.emoji2:emoji2:1.2.0] AndroidManifest.xml:24:9-32:20
50            android:name="androidx.startup.InitializationProvider"
50-->[androidx.emoji2:emoji2:1.2.0] AndroidManifest.xml:25:13-67
51            android:authorities="com.iptv.yoni.androidx-startup"
51-->[androidx.emoji2:emoji2:1.2.0] AndroidManifest.xml:26:13-68
52            android:exported="false" >
52-->[androidx.emoji2:emoji2:1.2.0] AndroidManifest.xml:27:13-37
53            <meta-data
53-->[androidx.emoji2:emoji2:1.2.0] AndroidManifest.xml:29:13-31:52
54                android:name="androidx.emoji2.text.EmojiCompatInitializer"
54-->[androidx.emoji2:emoji2:1.2.0] AndroidManifest.xml:30:17-75
55                android:value="androidx.startup" />
55-->[androidx.emoji2:emoji2:1.2.0] AndroidManifest.xml:31:17-49
56            <meta-data
56-->[androidx.lifecycle:lifecycle-process:2.4.1] AndroidManifest.xml:31:13-33:52
57                android:name="androidx.lifecycle.ProcessLifecycleInitializer"
57-->[androidx.lifecycle:lifecycle-process:2.4.1] AndroidManifest.xml:32:17-78
58                android:value="androidx.startup" />
58-->[androidx.lifecycle:lifecycle-process:2.4.1] AndroidManifest.xml:33:17-49
59        </provider>
60    </application>
61
62</manifest>